TN:
SF:src/App.js
FN:9,App
FNF:1
FNH:1
FNDA:8,App
DA:10,8
LF:1
LH:1
BRF:0
BRH:0
end_of_record
TN:
SF:src/components/Navigation.js
FN:5,(anonymous_0)
FN:8,(anonymous_1)
FN:13,(anonymous_2)
FNF:3
FNH:3
FNDA:24,(anonymous_0)
FNDA:190,(anonymous_1)
FNDA:24,(anonymous_2)
DA:5,5
DA:6,24
DA:8,24
DA:9,190
DA:13,24
DA:14,24
DA:17,22
DA:19,1
DA:21,1
DA:23,0
DA:27,24
LF:11
LH:10
BRDA:14,0,0,21
BRDA:14,0,1,22
BRDA:14,0,2,1
BRDA:14,0,3,1
BRDA:14,0,4,0
BRDA:43,1,0,22
BRDA:43,1,1,2
BRDA:43,2,0,24
BRDA:43,2,1,23
BRDA:45,3,0,22
BRDA:45,3,1,2
BRDA:45,4,0,24
BRDA:45,4,1,23
BRDA:58,5,0,1
BRDA:58,5,1,23
BRDA:60,6,0,1
BRDA:60,6,1,23
BRDA:73,7,0,1
BRDA:73,7,1,23
BRDA:75,8,0,1
BRDA:75,8,1,23
BRF:21
BRH:20
end_of_record
TN:
SF:src/hooks/useAccessibility.js
FN:7,(anonymous_0)
FN:10,(anonymous_1)
FN:22,(anonymous_2)
FN:25,(anonymous_3)
FN:32,(anonymous_4)
FN:47,(anonymous_5)
FN:51,(anonymous_6)
FN:57,(anonymous_7)
FN:72,(anonymous_8)
FN:88,(anonymous_9)
FN:97,(anonymous_10)
FN:106,(anonymous_11)
FN:113,(anonymous_12)
FN:114,(anonymous_13)
FN:119,(anonymous_14)
FN:134,(anonymous_15)
FN:137,(anonymous_16)
FN:144,(anonymous_17)
FN:151,(anonymous_18)
FN:166,(anonymous_19)
FN:169,(anonymous_20)
FN:180,(anonymous_21)
FNF:22
FNH:7
FNDA:3,(anonymous_0)
FNDA:3,(anonymous_1)
FNDA:36,(anonymous_2)
FNDA:0,(anonymous_3)
FNDA:36,(anonymous_4)
FNDA:4,(anonymous_5)
FNDA:0,(anonymous_6)
FNDA:0,(anonymous_7)
FNDA:0,(anonymous_8)
FNDA:0,(anonymous_9)
FNDA:0,(anonymous_10)
FNDA:0,(anonymous_11)
FNDA:0,(anonymous_12)
FNDA:0,(anonymous_13)
FNDA:0,(anonymous_14)
FNDA:35,(anonymous_15)
FNDA:0,(anonymous_16)
FNDA:0,(anonymous_17)
FNDA:35,(anonymous_18)
FNDA:0,(anonymous_19)
FNDA:0,(anonymous_20)
FNDA:0,(anonymous_21)
DA:7,6
DA:8,3
DA:10,3
DA:11,3
DA:12,1
DA:16,3
DA:22,6
DA:23,36
DA:25,36
DA:26,0
DA:27,0
DA:28,0
DA:32,36
DA:33,36
DA:41,36
DA:47,6
DA:52,4
DA:54,4
DA:55,4
DA:57,4
DA:58,0
DA:59,0
DA:65,0
DA:72,4
DA:73,0
DA:74,0
DA:76,0
DA:77,0
DA:78,0
DA:79,0
DA:80,0
DA:81,0
DA:82,0
DA:83,0
DA:84,0
DA:88,4
DA:89,0
DA:90,0
DA:91,0
DA:92,0
DA:94,0
DA:97,4
DA:98,0
DA:99,0
DA:100,0
DA:101,0
DA:103,0
DA:106,4
DA:107,0
DA:108,0
DA:109,0
DA:113,4
DA:115,0
DA:120,0
DA:124,4
DA:134,6
DA:135,35
DA:137,35
DA:138,0
DA:139,0
DA:140,0
DA:144,35
DA:145,0
DA:146,0
DA:147,0
DA:151,35
DA:152,35
DA:160,35
DA:166,6
DA:167,0
DA:169,0
DA:170,0
DA:171,0
DA:172,0
DA:173,0
DA:174,0
DA:180,0
DA:181,0
DA:192,0
LF:79
LH:31
BRDA:7,0,0,0
BRDA:11,1,0,1
BRDA:11,1,1,2
BRDA:11,2,0,3
BRDA:11,2,1,1
BRDA:25,3,0,0
BRDA:26,4,0,0
BRDA:26,4,1,0
BRDA:32,5,0,36
BRDA:47,6,0,1
BRDA:49,7,0,1
BRDA:50,8,0,4
BRDA:51,9,0,4
BRDA:58,10,0,0
BRDA:58,10,1,0
BRDA:76,11,0,0
BRDA:76,11,1,0
BRDA:79,12,0,0
BRDA:79,12,1,0
BRDA:82,13,0,0
BRDA:82,13,1,0
BRDA:89,14,0,0
BRDA:89,14,1,0
BRDA:91,15,0,0
BRDA:91,15,1,0
BRDA:98,16,0,0
BRDA:98,16,1,0
BRDA:100,17,0,0
BRDA:100,17,1,0
BRDA:108,18,0,0
BRDA:108,18,1,0
BRDA:117,19,0,0
BRDA:117,19,1,0
BRDA:138,20,0,0
BRDA:138,20,1,0
BRDA:145,21,0,0
BRDA:145,21,1,0
BRDA:151,22,0,35
BRDA:169,23,0,0
BRDA:170,24,0,0
BRDA:170,24,1,0
BRDA:180,25,0,0
BRDA:180,26,0,0
BRF:43
BRH:10
end_of_record
TN:
SF:src/pages/DAWPage.js
FN:12,(anonymous_0)
FN:19,(anonymous_1)
FN:35,(anonymous_2)
FN:37,(anonymous_3)
FN:90,(anonymous_4)
FN:100,(anonymous_5)
FN:149,(anonymous_6)
FN:171,(anonymous_7)
FN:178,(anonymous_8)
FN:180,(anonymous_9)
FN:192,(anonymous_10)
FN:193,(anonymous_11)
FN:218,(anonymous_12)
FN:219,(anonymous_13)
FN:261,(anonymous_14)
FN:262,(anonymous_15)
FN:285,(anonymous_16)
FN:313,(anonymous_17)
FN:320,(anonymous_18)
FN:325,(anonymous_19)
FN:327,(anonymous_20)
FN:348,(anonymous_21)
FN:354,(anonymous_22)
FN:384,(anonymous_23)
FN:389,(anonymous_24)
FN:399,(anonymous_25)
FN:423,(anonymous_26)
FN:426,(anonymous_27)
FN:430,(anonymous_28)
FN:453,(anonymous_29)
FN:456,(anonymous_30)
FN:457,(anonymous_31)
FN:458,(anonymous_32)
FN:460,(anonymous_33)
FN:487,(anonymous_34)
FN:511,(anonymous_35)
FN:521,(anonymous_36)
FN:522,(anonymous_37)
FN:594,(anonymous_38)
FN:607,(anonymous_39)
FN:621,(anonymous_40)
FN:655,(anonymous_41)
FN:669,(anonymous_42)
FN:672,(anonymous_43)
FN:673,(anonymous_44)
FN:675,(anonymous_45)
FN:681,(anonymous_46)
FN:708,(anonymous_47)
FN:708,(anonymous_48)
FN:714,(anonymous_49)
FN:723,(anonymous_50)
FN:811,(anonymous_51)
FN:814,(anonymous_52)
FN:815,(anonymous_53)
FN:816,(anonymous_54)
FN:821,(anonymous_55)
FN:830,(anonymous_56)
FN:849,(anonymous_57)
FN:855,(anonymous_58)
FN:864,(anonymous_59)
FN:925,(anonymous_60)
FN:926,(anonymous_61)
FN:926,(anonymous_62)
FN:928,(anonymous_63)
FN:934,(anonymous_64)
FN:948,(anonymous_65)
FN:970,(anonymous_66)
FN:993,(anonymous_67)
FN:997,(anonymous_68)
FN:1002,(anonymous_69)
FN:1015,(anonymous_70)
FN:1025,(anonymous_71)
FN:1035,(anonymous_72)
FN:1051,(anonymous_73)
FN:1052,(anonymous_74)
FN:1085,(anonymous_75)
FN:1094,(anonymous_76)
FN:1095,(anonymous_77)
FN:1102,(anonymous_78)
FN:1145,(anonymous_79)
FN:1149,(anonymous_80)
FN:1163,(anonymous_81)
FN:1168,(anonymous_82)
FN:1184,(anonymous_83)
FN:1185,(anonymous_84)
FN:1200,(anonymous_85)
FN:1214,(anonymous_86)
FN:1215,(anonymous_87)
FN:1222,(anonymous_88)
FN:1247,(anonymous_89)
FN:1258,(anonymous_90)
FN:1264,(anonymous_91)
FN:1288,(anonymous_92)
FN:1289,(anonymous_93)
FN:1290,(anonymous_94)
FN:1292,(anonymous_95)
FN:1301,(anonymous_96)
FN:1302,(anonymous_97)
FN:1313,(anonymous_98)
FN:1314,(anonymous_99)
FN:1318,(anonymous_100)
FN:1322,(anonymous_101)
FN:1323,(anonymous_102)
FN:1328,(anonymous_103)
FN:1329,(anonymous_104)
FN:1346,(anonymous_105)
FN:1371,(anonymous_106)
FN:1394,(anonymous_107)
FN:1407,(anonymous_108)
FN:1428,(anonymous_109)
FN:1453,(anonymous_110)
FN:1461,(anonymous_111)
FN:1465,(anonymous_112)
FN:1498,(anonymous_113)
FN:1523,(anonymous_114)
FN:1581,(anonymous_115)
FN:1587,(anonymous_116)
FN:1607,(anonymous_117)
FN:1615,(anonymous_118)
FN:1655,(anonymous_119)
FN:1666,(anonymous_120)
FN:1698,(anonymous_121)
FN:1717,(anonymous_122)
FN:1737,(anonymous_123)
FN:1740,(anonymous_124)
FN:1751,(anonymous_125)
FN:1759,(anonymous_126)
FN:1780,(anonymous_127)
FN:1805,(anonymous_128)
FN:1823,(anonymous_129)
FN:1841,(anonymous_130)
FN:1852,(anonymous_131)
FN:1864,(anonymous_132)
FN:1870,(anonymous_133)
FN:1874,(anonymous_134)
FN:1895,(anonymous_135)
FN:1896,(anonymous_136)
FN:1903,(anonymous_137)
FN:1908,(anonymous_138)
FN:1910,(anonymous_139)
FN:1923,(anonymous_140)
FN:1928,(anonymous_141)
FN:1930,(anonymous_142)
FN:1942,(anonymous_143)
FN:1950,(anonymous_144)
FN:1956,(anonymous_145)
FN:1974,(anonymous_146)
FN:1983,(anonymous_147)
FN:1988,(anonymous_148)
FN:1993,(anonymous_149)
FN:2002,(anonymous_150)
FN:2008,(anonymous_151)
FN:2012,(anonymous_152)
FN:2031,(anonymous_153)
FN:2042,(anonymous_154)
FN:2050,(anonymous_155)
FN:2059,(anonymous_156)
FN:2085,(anonymous_157)
FN:2108,(anonymous_158)
FN:2139,(anonymous_159)
FN:2176,(anonymous_160)
FN:2195,(anonymous_161)
FNF:162
FNH:32
FNDA:22,(anonymous_0)
FNDA:21,(anonymous_1)
FNDA:0,(anonymous_2)
FNDA:0,(anonymous_3)
FNDA:7,(anonymous_4)
FNDA:0,(anonymous_5)
FNDA:0,(anonymous_6)
FNDA:0,(anonymous_7)
FNDA:7,(anonymous_8)
FNDA:0,(anonymous_9)
FNDA:0,(anonymous_10)
FNDA:0,(anonymous_11)
FNDA:0,(anonymous_12)
FNDA:0,(anonymous_13)
FNDA:0,(anonymous_14)
FNDA:0,(anonymous_15)
FNDA:7,(anonymous_16)
FNDA:7,(anonymous_17)
FNDA:0,(anonymous_18)
FNDA:0,(anonymous_19)
FNDA:0,(anonymous_20)
FNDA:0,(anonymous_21)
FNDA:0,(anonymous_22)
FNDA:0,(anonymous_23)
FNDA:0,(anonymous_24)
FNDA:0,(anonymous_25)
FNDA:0,(anonymous_26)
FNDA:0,(anonymous_27)
FNDA:0,(anonymous_28)
FNDA:0,(anonymous_29)
FNDA:0,(anonymous_30)
FNDA:0,(anonymous_31)
FNDA:0,(anonymous_32)
FNDA:0,(anonymous_33)
FNDA:0,(anonymous_34)
FNDA:0,(anonymous_35)
FNDA:0,(anonymous_36)
FNDA:0,(anonymous_37)
FNDA:0,(anonymous_38)
FNDA:0,(anonymous_39)
FNDA:0,(anonymous_40)
FNDA:0,(anonymous_41)
FNDA:0,(anonymous_42)
FNDA:0,(anonymous_43)
FNDA:0,(anonymous_44)
FNDA:0,(anonymous_45)
FNDA:0,(anonymous_46)
FNDA:0,(anonymous_47)
FNDA:0,(anonymous_48)
FNDA:0,(anonymous_49)
FNDA:0,(anonymous_50)
FNDA:0,(anonymous_51)
FNDA:0,(anonymous_52)
FNDA:0,(anonymous_53)
FNDA:0,(anonymous_54)
FNDA:0,(anonymous_55)
FNDA:0,(anonymous_56)
FNDA:0,(anonymous_57)
FNDA:0,(anonymous_58)
FNDA:0,(anonymous_59)
FNDA:0,(anonymous_60)
FNDA:0,(anonymous_61)
FNDA:0,(anonymous_62)
FNDA:0,(anonymous_63)
FNDA:0,(anonymous_64)
FNDA:14,(anonymous_65)
FNDA:7,(anonymous_66)
FNDA:7,(anonymous_67)
FNDA:0,(anonymous_68)
FNDA:0,(anonymous_69)
FNDA:7,(anonymous_70)
FNDA:0,(anonymous_71)
FNDA:0,(anonymous_72)
FNDA:0,(anonymous_73)
FNDA:0,(anonymous_74)
FNDA:0,(anonymous_75)
FNDA:0,(anonymous_76)
FNDA:0,(anonymous_77)
FNDA:0,(anonymous_78)
FNDA:0,(anonymous_79)
FNDA:0,(anonymous_80)
FNDA:0,(anonymous_81)
FNDA:0,(anonymous_82)
FNDA:7,(anonymous_83)
FNDA:7,(anonymous_84)
FNDA:7,(anonymous_85)
FNDA:7,(anonymous_86)
FNDA:0,(anonymous_87)
FNDA:0,(anonymous_88)
FNDA:0,(anonymous_89)
FNDA:7,(anonymous_90)
FNDA:0,(anonymous_91)
FNDA:0,(anonymous_92)
FNDA:0,(anonymous_93)
FNDA:0,(anonymous_94)
FNDA:0,(anonymous_95)
FNDA:0,(anonymous_96)
FNDA:0,(anonymous_97)
FNDA:7,(anonymous_98)
FNDA:0,(anonymous_99)
FNDA:7,(anonymous_100)
FNDA:14,(anonymous_101)
FNDA:14,(anonymous_102)
FNDA:7,(anonymous_103)
FNDA:0,(anonymous_104)
FNDA:0,(anonymous_105)
FNDA:0,(anonymous_106)
FNDA:0,(anonymous_107)
FNDA:0,(anonymous_108)
FNDA:0,(anonymous_109)
FNDA:0,(anonymous_110)
FNDA:0,(anonymous_111)
FNDA:0,(anonymous_112)
FNDA:21,(anonymous_113)
FNDA:21,(anonymous_114)
FNDA:0,(anonymous_115)
FNDA:0,(anonymous_116)
FNDA:0,(anonymous_117)
FNDA:0,(anonymous_118)
FNDA:0,(anonymous_119)
FNDA:0,(anonymous_120)
FNDA:0,(anonymous_121)
FNDA:0,(anonymous_122)
FNDA:0,(anonymous_123)
FNDA:0,(anonymous_124)
FNDA:0,(anonymous_125)
FNDA:0,(anonymous_126)
FNDA:0,(anonymous_127)
FNDA:0,(anonymous_128)
FNDA:0,(anonymous_129)
FNDA:21,(anonymous_130)
FNDA:0,(anonymous_131)
FNDA:21,(anonymous_132)
FNDA:336,(anonymous_133)
FNDA:1344,(anonymous_134)
FNDA:21,(anonymous_135)
FNDA:0,(anonymous_136)
FNDA:0,(anonymous_137)
FNDA:0,(anonymous_138)
FNDA:0,(anonymous_139)
FNDA:0,(anonymous_140)
FNDA:0,(anonymous_141)
FNDA:0,(anonymous_142)
FNDA:0,(anonymous_143)
FNDA:21,(anonymous_144)
FNDA:21,(anonymous_145)
FNDA:1344,(anonymous_146)
FNDA:1344,(anonymous_147)
FNDA:0,(anonymous_148)
FNDA:0,(anonymous_149)
FNDA:0,(anonymous_150)
FNDA:0,(anonymous_151)
FNDA:0,(anonymous_152)
FNDA:0,(anonymous_153)
FNDA:0,(anonymous_154)
FNDA:0,(anonymous_155)
FNDA:0,(anonymous_156)
FNDA:0,(anonymous_157)
FNDA:0,(anonymous_158)
FNDA:0,(anonymous_159)
FNDA:0,(anonymous_160)
FNDA:21,(anonymous_161)
DA:5,3
DA:6,3
DA:7,3
DA:8,3
DA:9,3
DA:10,3
DA:12,3
DA:14,22
DA:16,21
DA:19,21
DA:20,21
DA:21,21
DA:22,21
DA:23,0
DA:24,0
DA:27,0
DA:28,0
DA:30,0
DA:31,0
DA:35,0
DA:38,0
DA:39,0
DA:40,0
DA:42,0
DA:46,0
DA:56,0
DA:59,21
DA:69,21
DA:70,21
DA:71,21
DA:72,21
DA:73,21
DA:74,21
DA:75,21
DA:76,21
DA:77,21
DA:78,21
DA:79,21
DA:80,21
DA:81,21
DA:82,21
DA:83,21
DA:84,21
DA:85,21
DA:86,21
DA:87,21
DA:88,21
DA:90,21
DA:92,7
DA:93,7
DA:96,7
DA:97,7
DA:100,7
DA:101,0
DA:102,0
DA:103,0
DA:106,0
DA:107,0
DA:108,0
DA:111,0
DA:112,0
DA:113,0
DA:114,0
DA:117,0
DA:118,0
DA:119,0
DA:120,0
DA:122,0
DA:125,0
DA:126,0
DA:127,0
DA:130,0
DA:131,0
DA:134,0
DA:135,0
DA:136,0
DA:139,0
DA:141,0
DA:142,0
DA:145,0
DA:149,7
DA:150,0
DA:151,0
DA:152,0
DA:154,0
DA:155,0
DA:156,0
DA:158,0
DA:159,0
DA:160,0
DA:162,0
DA:165,7
DA:166,7
DA:169,7
DA:170,0
DA:171,0
DA:175,0
DA:178,7
DA:179,7
DA:180,7
DA:181,0
DA:184,0
DA:185,0
DA:187,0
DA:188,0
DA:192,0
DA:193,0
DA:194,0
DA:195,0
DA:197,0
DA:198,0
DA:199,0
DA:201,0
DA:202,0
DA:205,0
DA:208,0
DA:209,0
DA:211,0
DA:212,0
DA:218,21
DA:219,0
DA:220,0
DA:221,0
DA:222,0
DA:223,0
DA:226,0
DA:233,0
DA:234,0
DA:235,0
DA:236,0
DA:237,0
DA:238,0
DA:240,0
DA:242,0
DA:243,0
DA:244,0
DA:245,0
DA:246,0
DA:247,0
DA:250,0
DA:255,0
DA:256,0
DA:261,21
DA:262,0
DA:263,0
DA:264,0
DA:265,0
DA:266,0
DA:269,0
DA:270,0
DA:272,0
DA:276,0
DA:280,0
DA:281,0
DA:285,21
DA:286,7
DA:287,0
DA:289,0
DA:290,0
DA:291,0
DA:292,0
DA:293,0
DA:295,0
DA:298,0
DA:303,7
DA:304,0
DA:305,0
DA:307,7
DA:313,21
DA:314,7
DA:315,0
DA:320,21
DA:321,0
DA:324,0
DA:326,0
DA:328,0
DA:329,0
DA:330,0
DA:331,0
DA:333,0
DA:334,0
DA:337,0
DA:340,0
DA:344,0
DA:348,21
DA:349,0
DA:350,0
DA:354,0
DA:364,0
DA:365,0
DA:366,0
DA:368,0
DA:369,0
DA:370,0
DA:371,0
DA:372,0
DA:373,0
DA:374,0
DA:376,0
DA:378,0
DA:379,0
DA:384,21
DA:385,0
DA:386,0
DA:388,0
DA:389,0
DA:390,0
DA:391,0
DA:394,0
DA:395,0
DA:399,0
DA:400,0
DA:401,0
DA:402,0
DA:403,0
DA:404,0
DA:405,0
DA:407,0
DA:408,0
DA:409,0
DA:411,0
DA:412,0
DA:415,0
DA:419,0
DA:422,0
DA:423,0
DA:426,0
DA:432,0
DA:433,0
DA:434,0
DA:436,0
DA:439,0
DA:440,0
DA:444,0
DA:445,0
DA:447,0
DA:448,0
DA:452,0
DA:453,0
DA:456,0
DA:457,0
DA:458,0
DA:460,0
DA:461,0
DA:462,0
DA:465,0
DA:466,0
DA:467,0
DA:469,0
DA:471,0
DA:478,0
DA:479,0
DA:483,0
DA:484,0
DA:487,0
DA:488,0
DA:496,0
DA:497,0
DA:500,0
DA:501,0
DA:505,0
DA:507,0
DA:511,21
DA:512,0
DA:513,0
DA:514,0
DA:517,0
DA:518,0
DA:520,0
DA:521,0
DA:522,0
DA:523,0
DA:524,0
DA:525,0
DA:526,0
DA:527,0
DA:531,0
DA:532,0
DA:533,0
DA:534,0
DA:538,0
DA:539,0
DA:540,0
DA:542,0
DA:543,0
DA:546,0
DA:547,0
DA:548,0
DA:549,0
DA:550,0
DA:551,0
DA:553,0
DA:554,0
DA:557,0
DA:558,0
DA:559,0
DA:561,0
DA:562,0
DA:567,0
DA:568,0
DA:569,0
DA:570,0
DA:574,0
DA:581,0
DA:582,0
DA:584,0
DA:585,0
DA:586,0
DA:587,0
DA:588,0
DA:589,0
DA:590,0
DA:592,0
DA:593,0
DA:594,0
DA:595,0
DA:599,0
DA:600,0
DA:602,0
DA:607,21
DA:608,0
DA:609,0
DA:610,0
DA:611,0
DA:612,0
DA:613,0
DA:614,0
DA:615,0
DA:617,0
DA:618,0
DA:621,0
DA:622,0
DA:623,0
DA:627,0
DA:628,0
DA:629,0
DA:630,0
DA:631,0
DA:632,0
DA:633,0
DA:634,0
DA:635,0
DA:636,0
DA:637,0
DA:638,0
DA:639,0
DA:642,0
DA:643,0
DA:644,0
DA:645,0
DA:646,0
DA:647,0
DA:648,0
DA:652,0
DA:655,21
DA:657,0
DA:658,0
DA:661,0
DA:662,0
DA:664,0
DA:669,0
DA:672,21
DA:673,0
DA:674,0
DA:675,0
DA:677,0
DA:681,21
DA:682,0
DA:683,0
DA:685,0
DA:687,0
DA:690,0
DA:691,0
DA:692,0
DA:695,0
DA:697,0
DA:699,0
DA:702,0
DA:708,0
DA:709,0
DA:711,0
DA:712,0
DA:715,0
DA:718,0
DA:720,0
DA:721,0
DA:723,0
DA:725,0
DA:727,0
DA:728,0
DA:733,0
DA:735,0
DA:736,0
DA:737,0
DA:742,0
DA:744,0
DA:745,0
DA:746,0
DA:749,0
DA:752,0
DA:753,0
DA:756,0
DA:757,0
DA:758,0
DA:759,0
DA:763,0
DA:764,0
DA:765,0
DA:766,0
DA:770,0
DA:771,0
DA:772,0
DA:776,0
DA:778,0
DA:781,0
DA:782,0
DA:783,0
DA:784,0
DA:785,0
DA:787,0
DA:792,0
DA:793,0
DA:794,0
DA:798,0
DA:800,0
DA:808,0
DA:809,0
DA:810,0
DA:811,0
DA:814,0
DA:815,0
DA:816,0
DA:817,0
DA:821,0
DA:822,0
DA:825,0
DA:826,0
DA:830,21
DA:831,0
DA:834,0
DA:835,0
DA:837,0
DA:841,0
DA:842,0
DA:846,0
DA:847,0
DA:849,0
DA:850,0
DA:851,0
DA:855,21
DA:857,0
DA:858,0
DA:862,0
DA:863,0
DA:864,0
DA:865,0
DA:866,0
DA:870,0
DA:872,0
DA:873,0
DA:877,0
DA:879,0
DA:880,0
DA:883,0
DA:886,0
DA:887,0
DA:889,0
DA:890,0
DA:891,0
DA:894,0
DA:895,0
DA:899,0
DA:901,0
DA:903,0
DA:908,0
DA:911,0
DA:919,0
DA:921,0
DA:925,21
DA:926,0
DA:927,0
DA:928,0
DA:934,21
DA:935,0
DA:938,0
DA:939,0
DA:941,0
DA:943,0
DA:944,0
DA:948,21
DA:949,14
DA:952,14
DA:953,0
DA:954,0
DA:958,14
DA:959,0
DA:960,0
DA:964,14
DA:965,14
DA:966,14
DA:967,14
DA:970,14
DA:971,7
DA:975,14
DA:976,14
DA:977,0
DA:981,14
DA:982,0
DA:984,14
DA:985,0
DA:989,14
DA:993,21
DA:994,7
DA:997,7
DA:998,0
DA:999,0
DA:1002,7
DA:1004,0
DA:1005,0
DA:1006,0
DA:1011,7
DA:1012,7
DA:1015,7
DA:1016,7
DA:1017,7
DA:1019,7
DA:1020,7
DA:1025,21
DA:1027,0
DA:1028,0
DA:1032,0
DA:1035,21
DA:1036,0
DA:1038,0
DA:1039,0
DA:1042,0
DA:1045,0
DA:1046,0
DA:1049,0
DA:1051,0
DA:1052,0
DA:1054,0
DA:1055,0
DA:1056,0
DA:1059,0
DA:1060,0
DA:1063,0
DA:1064,0
DA:1065,0
DA:1069,0
DA:1070,0
DA:1071,0
DA:1072,0
DA:1078,0
DA:1080,0
DA:1081,0
DA:1085,21
DA:1086,0
DA:1088,0
DA:1089,0
DA:1090,0
DA:1091,0
DA:1092,0
DA:1094,0
DA:1095,0
DA:1096,0
DA:1097,0
DA:1102,0
DA:1103,0
DA:1106,0
DA:1108,0
DA:1111,0
DA:1121,0
DA:1122,0
DA:1123,0
DA:1124,0
DA:1125,0
DA:1126,0
DA:1127,0
DA:1129,0
DA:1130,0
DA:1133,0
DA:1136,0
DA:1137,0
DA:1139,0
DA:1145,21
DA:1146,0
DA:1149,0
DA:1150,0
DA:1151,0
DA:1153,0
DA:1154,0
DA:1157,0
DA:1158,0
DA:1163,21
DA:1164,0
DA:1165,0
DA:1168,0
DA:1169,0
DA:1170,0
DA:1172,0
DA:1173,0
DA:1175,0
DA:1176,0
DA:1180,0
DA:1184,21
DA:1185,7
DA:1186,7
DA:1187,7
DA:1196,7
DA:1197,7
DA:1200,7
DA:1203,0
DA:1208,7
DA:1209,7
DA:1214,21
DA:1215,7
DA:1216,0
DA:1218,0
DA:1219,0
DA:1222,0
DA:1223,0
DA:1224,0
DA:1225,0
DA:1226,0
DA:1227,0
DA:1230,0
DA:1231,0
DA:1232,0
DA:1233,0
DA:1235,0
DA:1236,0
DA:1238,0
DA:1240,0
DA:1241,0
DA:1244,0
DA:1247,0
DA:1248,0
DA:1251,0
DA:1252,0
DA:1256,7
DA:1258,7
DA:1259,7
DA:1264,21
DA:1265,0
DA:1266,0
DA:1267,0
DA:1270,0
DA:1275,0
DA:1276,0
DA:1277,0
DA:1279,0
DA:1280,0
DA:1282,0
DA:1283,0
DA:1288,21
DA:1289,0
DA:1290,0
DA:1293,0
DA:1294,0
DA:1295,0
DA:1297,0
DA:1301,0
DA:1302,0
DA:1304,0
DA:1305,0
DA:1308,0
DA:1313,21
DA:1314,7
DA:1315,0
DA:1318,7
DA:1322,21
DA:1323,14
DA:1325,14
DA:1328,14
DA:1329,7
DA:1330,0
DA:1331,0
DA:1333,0
DA:1334,0
DA:1335,0
DA:1337,0
DA:1338,0
DA:1341,7
DA:1345,14
DA:1346,7
DA:1347,0
DA:1352,7
DA:1353,0
DA:1357,7
DA:1358,0
DA:1363,21
DA:1371,0
DA:1394,0
DA:1407,0
DA:1429,0
DA:1430,0
DA:1453,0
DA:1462,0
DA:1467,0
DA:1468,0
DA:1469,0
DA:1470,0
DA:1471,0
DA:1472,0
DA:1474,0
DA:1475,0
DA:1478,0
DA:1479,0
DA:1499,21
DA:1524,21
DA:1581,3
DA:1582,0
DA:1583,0
DA:1584,0
DA:1585,0
DA:1587,0
DA:1589,0
DA:1594,0
DA:1595,0
DA:1598,0
DA:1601,0
DA:1602,0
DA:1607,0
DA:1608,0
DA:1609,0
DA:1610,0
DA:1615,0
DA:1616,0
DA:1618,0
DA:1619,0
DA:1620,0
DA:1623,0
DA:1624,0
DA:1626,0
DA:1627,0
DA:1629,0
DA:1632,0
DA:1633,0
DA:1636,0
DA:1637,0
DA:1640,0
DA:1644,0
DA:1645,0
DA:1646,0
DA:1647,0
DA:1651,0
DA:1652,0
DA:1655,0
DA:1656,0
DA:1660,0
DA:1661,0
DA:1666,0
DA:1667,0
DA:1669,0
DA:1670,0
DA:1672,0
DA:1673,0
DA:1674,0
DA:1675,0
DA:1678,0
DA:1685,0
DA:1690,0
DA:1691,0
DA:1692,0
DA:1695,0
DA:1698,0
DA:1699,0
DA:1703,0
DA:1704,0
DA:1705,0
DA:1709,0
DA:1710,0
DA:1712,0
DA:1713,0
DA:1717,0
DA:1718,0
DA:1720,0
DA:1721,0
DA:1726,0
DA:1729,0
DA:1732,0
DA:1733,0
DA:1734,0
DA:1736,0
DA:1738,0
DA:1740,0
DA:1741,0
DA:1742,0
DA:1743,0
DA:1745,0
DA:1748,0
DA:1751,0
DA:1752,0
DA:1753,0
DA:1754,0
DA:1755,0
DA:1760,0
DA:1761,0
DA:1762,0
DA:1764,0
DA:1767,0
DA:1768,0
DA:1771,0
DA:1780,0
DA:1781,0
DA:1782,0
DA:1783,0
DA:1784,0
DA:1785,0
DA:1786,0
DA:1787,0
DA:1799,0
DA:1805,0
DA:1806,0
DA:1807,0
DA:1811,0
DA:1824,0
DA:1841,3
DA:1843,21
DA:1845,21
DA:1852,0
DA:1864,3
DA:1865,21
DA:1866,21
DA:1868,21
DA:1871,336
DA:1875,1344
DA:1895,3
DA:1896,21
DA:1897,0
DA:1898,0
DA:1899,0
DA:1903,21
DA:1904,0
DA:1907,0
DA:1911,0
DA:1912,0
DA:1914,0
DA:1919,0
DA:1923,21
DA:1924,0
DA:1927,0
DA:1931,0
DA:1932,0
DA:1934,0
DA:1939,0
DA:1942,21
DA:1943,0
DA:1945,0
DA:1946,0
DA:1950,21
DA:1951,21
DA:1952,21
DA:1953,21
DA:1954,21
DA:1955,21
DA:1956,21
DA:1957,21
DA:1958,21
DA:1959,21
DA:1964,21
DA:1975,1344
DA:1976,1344
DA:1977,1344
DA:1978,1344
DA:1984,1344
DA:1989,0
DA:1993,0
DA:2002,3
DA:2003,0
DA:2004,0
DA:2005,0
DA:2006,0
DA:2008,0
DA:2010,0
DA:2012,0
DA:2013,0
DA:2014,0
DA:2015,0
DA:2016,0
DA:2018,0
DA:2021,0
DA:2026,0
DA:2027,0
DA:2028,0
DA:2031,0
DA:2032,0
DA:2035,0
DA:2036,0
DA:2039,0
DA:2042,0
DA:2044,0
DA:2045,0
DA:2050,0
DA:2051,0
DA:2052,0
DA:2053,0
DA:2054,0
DA:2059,0
DA:2060,0
DA:2062,0
DA:2063,0
DA:2064,0
DA:2067,0
DA:2068,0
DA:2070,0
DA:2071,0
DA:2073,0
DA:2074,0
DA:2077,0
DA:2081,0
DA:2082,0
DA:2085,0
DA:2086,0
DA:2090,0
DA:2091,0
DA:2094,0
DA:2096,0
DA:2102,0
DA:2108,0
DA:2109,0
DA:2111,0
DA:2112,0
DA:2114,0
DA:2115,0
DA:2116,0
DA:2117,0
DA:2120,0
DA:2128,0
DA:2133,0
DA:2134,0
DA:2135,0
DA:2136,0
DA:2139,0
DA:2140,0
DA:2144,0
DA:2145,0
DA:2149,0
DA:2177,0
DA:2195,3
DA:2197,21
DA:2199,21
LF:943
LH:165
BRDA:22,0,0,0
BRDA:22,0,1,21
BRDA:27,1,0,0
BRDA:27,1,1,0
BRDA:30,2,0,0
BRDA:30,2,1,0
BRDA:35,3,0,0
BRDA:35,3,1,0
BRDA:37,4,0,0
BRDA:37,4,1,0
BRDA:38,5,0,0
BRDA:38,5,1,0
BRDA:38,6,0,0
BRDA:38,6,1,0
BRDA:47,7,0,0
BRDA:47,7,1,0
BRDA:52,8,0,0
BRDA:52,8,1,0
BRDA:92,9,0,7
BRDA:92,9,1,0
BRDA:96,10,0,7
BRDA:96,10,1,7
BRDA:101,11,0,0
BRDA:101,11,1,0
BRDA:106,12,0,0
BRDA:106,12,1,0
BRDA:112,13,0,0
BRDA:112,13,1,0
BRDA:112,14,0,0
BRDA:112,14,1,0
BRDA:125,15,0,0
BRDA:125,15,1,0
BRDA:134,16,0,0
BRDA:134,16,1,0
BRDA:150,17,0,0
BRDA:150,17,1,0
BRDA:154,18,0,0
BRDA:154,18,1,0
BRDA:158,19,0,0
BRDA:158,19,1,0
BRDA:169,20,0,0
BRDA:169,20,1,7
BRDA:179,21,0,7
BRDA:179,21,1,0
BRDA:179,22,0,7
BRDA:179,22,1,7
BRDA:184,23,0,0
BRDA:184,23,1,0
BRDA:187,24,0,0
BRDA:187,24,1,0
BRDA:194,25,0,0
BRDA:194,25,1,0
BRDA:197,26,0,0
BRDA:197,26,1,0
BRDA:201,27,0,0
BRDA:201,27,1,0
BRDA:208,28,0,0
BRDA:208,28,1,0
BRDA:211,29,0,0
BRDA:211,29,1,0
BRDA:218,30,0,0
BRDA:220,31,0,0
BRDA:220,31,1,0
BRDA:220,32,0,0
BRDA:220,32,1,0
BRDA:233,33,0,0
BRDA:233,33,1,0
BRDA:242,34,0,0
BRDA:242,34,1,0
BRDA:242,35,0,0
BRDA:242,35,1,0
BRDA:263,36,0,0
BRDA:263,36,1,0
BRDA:263,37,0,0
BRDA:263,37,1,0
BRDA:269,38,0,0
BRDA:269,38,1,0
BRDA:269,39,0,0
BRDA:269,39,1,0
BRDA:280,40,0,0
BRDA:280,40,1,0
BRDA:280,41,0,0
BRDA:280,41,1,0
BRDA:286,42,0,0
BRDA:286,42,1,7
BRDA:287,43,0,0
BRDA:287,43,1,0
BRDA:290,44,0,0
BRDA:290,44,1,0
BRDA:290,45,0,0
BRDA:290,45,1,0
BRDA:292,46,0,0
BRDA:292,46,1,0
BRDA:292,47,0,0
BRDA:292,47,1,0
BRDA:303,48,0,0
BRDA:303,48,1,7
BRDA:314,49,0,0
BRDA:314,49,1,7
BRDA:314,50,0,7
BRDA:314,50,1,0
BRDA:328,51,0,0
BRDA:328,51,1,0
BRDA:328,52,0,0
BRDA:328,52,1,0
BRDA:386,53,0,0
BRDA:386,53,1,0
BRDA:394,54,0,0
BRDA:394,54,1,0
BRDA:400,55,0,0
BRDA:400,55,1,0
BRDA:400,56,0,0
BRDA:400,56,1,0
BRDA:411,57,0,0
BRDA:411,57,1,0
BRDA:419,58,0,0
BRDA:419,58,1,0
BRDA:422,59,0,0
BRDA:422,59,1,0
BRDA:432,60,0,0
BRDA:432,60,1,0
BRDA:432,61,0,0
BRDA:432,61,1,0
BRDA:444,62,0,0
BRDA:444,62,1,0
BRDA:447,63,0,0
BRDA:447,63,1,0
BRDA:452,64,0,0
BRDA:452,64,1,0
BRDA:457,65,0,0
BRDA:457,65,1,0
BRDA:490,66,0,0
BRDA:490,66,1,0
BRDA:491,67,0,0
BRDA:491,67,1,0
BRDA:493,68,0,0
BRDA:493,68,1,0
BRDA:494,69,0,0
BRDA:494,69,1,0
BRDA:512,70,0,0
BRDA:512,70,1,0
BRDA:531,71,0,0
BRDA:531,71,1,0
BRDA:548,72,0,0
BRDA:548,72,1,0
BRDA:548,73,0,0
BRDA:548,73,1,0
BRDA:559,74,0,0
BRDA:559,74,1,0
BRDA:561,75,0,0
BRDA:561,75,1,0
BRDA:567,76,0,0
BRDA:567,76,1,0
BRDA:569,77,0,0
BRDA:569,77,1,0
BRDA:593,78,0,0
BRDA:593,78,1,0
BRDA:593,79,0,0
BRDA:593,79,1,0
BRDA:674,80,0,0
BRDA:674,80,1,0
BRDA:690,81,0,0
BRDA:690,81,1,0
BRDA:709,82,0,0
BRDA:709,82,1,0
BRDA:709,83,0,0
BRDA:709,83,1,0
BRDA:715,84,0,0
BRDA:715,84,1,0
BRDA:718,85,0,0
BRDA:718,85,1,0
BRDA:725,86,0,0
BRDA:725,86,1,0
BRDA:744,87,0,0
BRDA:744,87,1,0
BRDA:745,88,0,0
BRDA:745,88,1,0
BRDA:756,89,0,0
BRDA:756,89,1,0
BRDA:763,90,0,0
BRDA:763,90,1,0
BRDA:770,91,0,0
BRDA:770,91,1,0
BRDA:782,92,0,0
BRDA:782,92,1,0
BRDA:792,93,0,0
BRDA:792,93,1,0
BRDA:792,94,0,0
BRDA:792,94,1,0
BRDA:817,95,0,0
BRDA:817,95,1,0
BRDA:834,96,0,0
BRDA:834,96,1,0
BRDA:841,97,0,0
BRDA:841,97,1,0
BRDA:857,98,0,0
BRDA:857,98,1,0
BRDA:857,99,0,0
BRDA:857,99,1,0
BRDA:862,100,0,0
BRDA:862,100,1,0
BRDA:877,101,0,0
BRDA:877,101,1,0
BRDA:889,102,0,0
BRDA:889,102,1,0
BRDA:889,103,0,0
BRDA:889,103,1,0
BRDA:889,103,2,0
BRDA:894,104,0,0
BRDA:894,104,1,0
BRDA:901,105,0,0
BRDA:901,105,1,0
BRDA:903,106,0,0
BRDA:903,106,1,0
BRDA:903,107,0,0
BRDA:903,107,1,0
BRDA:927,108,0,0
BRDA:927,108,1,0
BRDA:952,109,0,0
BRDA:952,109,1,14
BRDA:958,110,0,0
BRDA:958,110,1,14
BRDA:976,111,0,0
BRDA:976,111,1,14
BRDA:981,112,0,0
BRDA:981,112,1,14
BRDA:984,113,0,0
BRDA:984,113,1,14
BRDA:1004,114,0,0
BRDA:1004,114,1,0
BRDA:1004,115,0,0
BRDA:1004,115,1,0
BRDA:1016,116,0,7
BRDA:1016,116,1,0
BRDA:1027,117,0,0
BRDA:1027,117,1,0
BRDA:1027,118,0,0
BRDA:1027,118,1,0
BRDA:1027,118,2,0
BRDA:1027,118,3,0
BRDA:1038,119,0,0
BRDA:1038,119,1,0
BRDA:1038,120,0,0
BRDA:1038,120,1,0
BRDA:1054,121,0,0
BRDA:1054,121,1,0
BRDA:1054,122,0,0
BRDA:1054,122,1,0
BRDA:1063,123,0,0
BRDA:1063,123,1,0
BRDA:1063,124,0,0
BRDA:1063,124,1,0
BRDA:1069,125,0,0
BRDA:1069,125,1,0
BRDA:1071,126,0,0
BRDA:1071,126,1,0
BRDA:1071,127,0,0
BRDA:1071,127,1,0
BRDA:1088,128,0,0
BRDA:1088,128,1,0
BRDA:1088,129,0,0
BRDA:1088,129,1,0
BRDA:1088,129,2,0
BRDA:1121,130,0,0
BRDA:1121,130,1,0
BRDA:1121,131,0,0
BRDA:1121,131,1,0
BRDA:1121,131,2,0
BRDA:1150,132,0,0
BRDA:1150,132,1,0
BRDA:1153,133,0,0
BRDA:1153,133,1,0
BRDA:1157,134,0,0
BRDA:1157,134,1,0
BRDA:1169,135,0,0
BRDA:1169,135,1,0
BRDA:1175,136,0,0
BRDA:1175,136,1,0
BRDA:1208,137,0,7
BRDA:1208,137,1,0
BRDA:1216,138,0,0
BRDA:1216,138,1,0
BRDA:1218,139,0,0
BRDA:1218,139,1,0
BRDA:1223,140,0,0
BRDA:1223,140,1,0
BRDA:1226,141,0,0
BRDA:1226,141,1,0
BRDA:1226,142,0,0
BRDA:1226,142,1,0
BRDA:1248,143,0,0
BRDA:1248,143,1,0
BRDA:1248,143,2,0
BRDA:1293,144,0,0
BRDA:1293,144,1,0
BRDA:1293,145,0,0
BRDA:1293,145,1,0
BRDA:1304,146,0,0
BRDA:1304,146,1,0
BRDA:1330,147,0,0
BRDA:1330,147,1,0
BRDA:1333,148,0,0
BRDA:1333,148,1,0
BRDA:1337,149,0,0
BRDA:1337,149,1,0
BRDA:1345,150,0,7
BRDA:1345,150,1,7
BRDA:1345,151,0,14
BRDA:1345,151,1,7
BRDA:1352,152,0,0
BRDA:1352,152,1,7
BRDA:1357,153,0,0
BRDA:1357,153,1,7
BRDA:1368,154,0,21
BRDA:1368,154,1,0
BRDA:1378,155,0,0
BRDA:1378,155,1,21
BRDA:1379,156,0,0
BRDA:1379,156,1,21
BRDA:1381,157,0,0
BRDA:1381,157,1,21
BRDA:1409,158,0,21
BRDA:1409,158,1,0
BRDA:1429,159,0,0
BRDA:1429,159,1,0
BRDA:1442,160,0,0
BRDA:1442,160,1,21
BRDA:1448,161,0,0
BRDA:1448,161,1,21
BRDA:1460,162,0,0
BRDA:1460,162,1,21
BRDA:1468,163,0,0
BRDA:1468,163,1,0
BRDA:1493,164,0,0
BRDA:1493,164,1,21
BRDA:1513,165,0,21
BRDA:1513,165,1,0
BRDA:1601,166,0,0
BRDA:1601,166,1,0
BRDA:1616,167,0,0
BRDA:1616,167,1,0
BRDA:1626,168,0,0
BRDA:1626,168,1,0
BRDA:1626,169,0,0
BRDA:1626,169,1,0
BRDA:1626,169,2,0
BRDA:1632,170,0,0
BRDA:1632,170,1,0
BRDA:1640,171,0,0
BRDA:1640,171,1,0
BRDA:1645,172,0,0
BRDA:1645,172,1,0
BRDA:1660,173,0,0
BRDA:1660,173,1,0
BRDA:1667,174,0,0
BRDA:1667,174,1,0
BRDA:1667,175,0,0
BRDA:1667,175,1,0
BRDA:1672,176,0,0
BRDA:1672,176,1,0
BRDA:1704,177,0,0
BRDA:1704,177,1,0
BRDA:1709,178,0,0
BRDA:1709,178,1,0
BRDA:1712,179,0,0
BRDA:1712,179,1,0
BRDA:1718,180,0,0
BRDA:1718,180,1,0
BRDA:1718,181,0,0
BRDA:1718,181,1,0
BRDA:1718,181,2,0
BRDA:1720,182,0,0
BRDA:1720,182,1,0
BRDA:1720,183,0,0
BRDA:1720,183,1,0
BRDA:1742,184,0,0
BRDA:1742,184,1,0
BRDA:1754,185,0,0
BRDA:1754,185,1,0
BRDA:1761,186,0,0
BRDA:1761,186,1,0
BRDA:1781,187,0,0
BRDA:1781,187,1,0
BRDA:1781,188,0,0
BRDA:1781,188,1,0
BRDA:1783,189,0,0
BRDA:1783,189,1,0
BRDA:1806,190,0,0
BRDA:1806,190,1,0
BRDA:1813,191,0,0
BRDA:1813,191,1,0
BRDA:1834,192,0,0
BRDA:1834,192,1,0
BRDA:1911,193,0,0
BRDA:1911,193,1,0
BRDA:1931,194,0,0
BRDA:1931,194,1,0
BRDA:1945,195,0,0
BRDA:1945,195,1,0
BRDA:1952,196,0,21
BRDA:1952,196,1,0
BRDA:1977,197,0,21
BRDA:1977,197,1,1323
BRDA:1977,198,0,336
BRDA:1977,198,1,1008
BRDA:2010,199,0,0
BRDA:2010,199,1,0
BRDA:2010,200,0,0
BRDA:2010,200,1,0
BRDA:2026,201,0,0
BRDA:2026,201,1,0
BRDA:2026,202,0,0
BRDA:2026,202,1,0
BRDA:2044,203,0,0
BRDA:2044,203,1,0
BRDA:2060,204,0,0
BRDA:2060,204,1,0
BRDA:2070,205,0,0
BRDA:2070,205,1,0
BRDA:2070,206,0,0
BRDA:2070,206,1,0
BRDA:2070,206,2,0
BRDA:2077,207,0,0
BRDA:2077,207,1,0
BRDA:2090,208,0,0
BRDA:2090,208,1,0
BRDA:2094,209,0,0
BRDA:2094,209,1,0
BRDA:2109,210,0,0
BRDA:2109,210,1,0
BRDA:2109,211,0,0
BRDA:2109,211,1,0
BRDA:2114,212,0,0
BRDA:2114,212,1,0
BRDA:2144,213,0,0
BRDA:2144,213,1,0
BRDA:2151,214,0,0
BRDA:2151,214,1,0
BRDA:2160,215,0,0
BRDA:2160,215,1,0
BRDA:2160,216,0,0
BRDA:2160,216,1,0
BRDA:2164,217,0,0
BRDA:2164,217,1,0
BRDA:2174,218,0,0
BRDA:2174,218,1,0
BRDA:2197,219,0,21
BRDA:2197,219,1,0
BRDA:2197,220,0,21
BRDA:2197,220,1,21
BRF:450
BRH:43
end_of_record
TN:
SF:src/pages/SoundCollection.js
FN:5,(anonymous_0)
FN:18,(anonymous_1)
FN:19,(anonymous_2)
FN:24,(anonymous_3)
FN:29,(anonymous_4)
FN:37,(anonymous_5)
FN:71,(anonymous_6)
FN:111,(anonymous_7)
FN:116,(anonymous_8)
FN:162,(anonymous_9)
FN:168,(anonymous_10)
FN:177,(anonymous_11)
FN:178,(anonymous_12)
FN:180,(anonymous_13)
FN:186,(anonymous_14)
FN:195,(anonymous_15)
FN:195,(anonymous_16)
FN:216,(anonymous_17)
FN:232,(anonymous_18)
FN:271,(anonymous_19)
FN:296,(anonymous_20)
FN:389,(anonymous_21)
FN:413,(anonymous_22)
FN:429,(anonymous_23)
FN:443,(anonymous_24)
FN:449,(anonymous_25)
FN:459,(anonymous_26)
FN:460,(anonymous_27)
FN:464,(anonymous_28)
FN:471,(anonymous_29)
FN:500,(anonymous_30)
FN:521,(anonymous_31)
FN:545,(anonymous_32)
FN:580,(anonymous_33)
FN:585,(anonymous_34)
FN:641,(anonymous_35)
FN:663,(anonymous_36)
FN:686,(anonymous_37)
FNF:38
FNH:3
FNDA:33,(anonymous_0)
FNDA:33,(anonymous_1)
FNDA:33,(anonymous_2)
FNDA:0,(anonymous_3)
FNDA:0,(anonymous_4)
FNDA:0,(anonymous_5)
FNDA:0,(anonymous_6)
FNDA:0,(anonymous_7)
FNDA:0,(anonymous_8)
FNDA:0,(anonymous_9)
FNDA:0,(anonymous_10)
FNDA:0,(anonymous_11)
FNDA:0,(anonymous_12)
FNDA:0,(anonymous_13)
FNDA:0,(anonymous_14)
FNDA:0,(anonymous_15)
FNDA:0,(anonymous_16)
FNDA:0,(anonymous_17)
FNDA:0,(anonymous_18)
FNDA:0,(anonymous_19)
FNDA:0,(anonymous_20)
FNDA:0,(anonymous_21)
FNDA:0,(anonymous_22)
FNDA:0,(anonymous_23)
FNDA:0,(anonymous_24)
FNDA:0,(anonymous_25)
FNDA:0,(anonymous_26)
FNDA:0,(anonymous_27)
FNDA:0,(anonymous_28)
FNDA:0,(anonymous_29)
FNDA:0,(anonymous_30)
FNDA:0,(anonymous_31)
FNDA:0,(anonymous_32)
FNDA:0,(anonymous_33)
FNDA:0,(anonymous_34)
FNDA:0,(anonymous_35)
FNDA:0,(anonymous_36)
FNDA:0,(anonymous_37)
DA:5,5
DA:6,33
DA:7,33
DA:8,33
DA:9,33
DA:10,33
DA:11,33
DA:14,33
DA:15,33
DA:18,33
DA:19,33
DA:21,33
DA:22,0
DA:23,0
DA:24,0
DA:29,33
DA:30,0
DA:31,0
DA:37,33
DA:38,0
DA:40,0
DA:41,0
DA:44,0
DA:45,0
DA:46,0
DA:47,0
DA:50,0
DA:53,0
DA:61,0
DA:63,0
DA:67,0
DA:68,0
DA:71,0
DA:83,0
DA:85,0
DA:86,0
DA:87,0
DA:88,0
DA:89,0
DA:90,0
DA:91,0
DA:92,0
DA:93,0
DA:95,0
DA:98,0
DA:99,0
DA:109,0
DA:111,0
DA:112,0
DA:113,0
DA:116,0
DA:117,0
DA:118,0
DA:119,0
DA:120,0
DA:121,0
DA:130,0
DA:133,0
DA:134,0
DA:135,0
DA:136,0
DA:137,0
DA:138,0
DA:141,0
DA:143,0
DA:145,0
DA:146,0
DA:147,0
DA:148,0
DA:149,0
DA:150,0
DA:151,0
DA:152,0
DA:153,0
DA:154,0
DA:157,0
DA:158,0
DA:162,33
DA:163,0
DA:164,0
DA:166,0
DA:167,0
DA:168,0
DA:169,0
DA:170,0
DA:173,0
DA:177,33
DA:178,0
DA:179,0
DA:180,0
DA:181,0
DA:182,0
DA:186,33
DA:187,0
DA:188,0
DA:190,0
DA:192,0
DA:195,0
DA:201,0
DA:202,0
DA:205,0
DA:206,0
DA:207,0
DA:208,0
DA:210,0
DA:211,0
DA:216,33
DA:217,0
DA:218,0
DA:219,0
DA:220,0
DA:232,33
DA:233,0
DA:234,0
DA:237,0
DA:238,0
DA:239,0
DA:242,0
DA:243,0
DA:247,0
DA:248,0
DA:249,0
DA:250,0
DA:252,0
DA:253,0
DA:254,0
DA:257,0
DA:262,0
DA:271,0
DA:272,0
DA:273,0
DA:276,0
DA:278,0
DA:280,0
DA:281,0
DA:282,0
DA:283,0
DA:284,0
DA:285,0
DA:286,0
DA:287,0
DA:290,0
DA:291,0
DA:296,33
DA:297,0
DA:298,0
DA:300,0
DA:304,33
DA:389,0
DA:413,0
DA:430,0
DA:443,5
DA:444,0
DA:445,0
DA:446,0
DA:447,0
DA:449,0
DA:450,0
DA:451,0
DA:452,0
DA:453,0
DA:454,0
DA:455,0
DA:459,0
DA:460,0
DA:461,0
DA:464,0
DA:465,0
DA:466,0
DA:467,0
DA:471,0
DA:472,0
DA:473,0
DA:474,0
DA:476,0
DA:479,0
DA:501,0
DA:522,0
DA:523,0
DA:545,0
DA:581,0
DA:585,0
DA:641,5
DA:642,0
DA:648,0
DA:664,0
DA:687,0
LF:187
LH:23
BRDA:21,0,0,0
BRDA:21,0,1,33
BRDA:21,1,0,33
BRDA:21,1,1,0
BRDA:23,2,0,0
BRDA:23,2,1,0
BRDA:30,3,0,0
BRDA:30,3,1,0
BRDA:30,4,0,0
BRDA:30,4,1,0
BRDA:45,5,0,0
BRDA:45,5,1,0
BRDA:78,6,0,0
BRDA:78,6,1,0
BRDA:85,7,0,0
BRDA:85,7,1,0
BRDA:88,8,0,0
BRDA:88,8,1,0
BRDA:91,9,0,0
BRDA:91,9,1,0
BRDA:145,10,0,0
BRDA:145,10,1,0
BRDA:147,11,0,0
BRDA:147,11,1,0
BRDA:149,12,0,0
BRDA:149,12,1,0
BRDA:151,13,0,0
BRDA:151,13,1,0
BRDA:153,14,0,0
BRDA:153,14,1,0
BRDA:166,15,0,0
BRDA:166,15,1,0
BRDA:187,16,0,0
BRDA:187,16,1,0
BRDA:187,17,0,0
BRDA:187,17,1,0
BRDA:205,18,0,0
BRDA:205,18,1,0
BRDA:218,19,0,0
BRDA:218,19,1,0
BRDA:218,20,0,0
BRDA:218,20,1,0
BRDA:237,21,0,0
BRDA:237,21,1,0
BRDA:242,22,0,0
BRDA:242,22,1,0
BRDA:242,23,0,0
BRDA:242,23,1,0
BRDA:247,24,0,0
BRDA:247,24,1,0
BRDA:252,25,0,0
BRDA:252,25,1,0
BRDA:280,26,0,0
BRDA:280,26,1,0
BRDA:282,27,0,0
BRDA:282,27,1,0
BRDA:284,28,0,0
BRDA:284,28,1,0
BRDA:286,29,0,0
BRDA:286,29,1,0
BRDA:297,30,0,0
BRDA:297,30,1,0
BRDA:297,31,0,0
BRDA:297,31,1,0
BRDA:297,31,2,0
BRDA:340,32,0,33
BRDA:340,32,1,0
BRDA:368,33,0,33
BRDA:368,33,1,0
BRDA:409,34,0,33
BRDA:409,34,1,0
BRDA:421,35,0,33
BRDA:421,35,1,0
BRDA:450,36,0,0
BRDA:450,36,1,0
BRDA:450,37,0,0
BRDA:450,37,1,0
BRDA:454,38,0,0
BRDA:454,38,1,0
BRDA:465,39,0,0
BRDA:465,39,1,0
BRDA:472,40,0,0
BRDA:472,40,1,0
BRDA:523,41,0,0
BRDA:523,41,1,0
BRDA:529,42,0,0
BRDA:529,42,1,0
BRDA:529,43,0,0
BRDA:529,43,1,0
BRDA:576,44,0,0
BRDA:576,44,1,0
BRDA:600,45,0,0
BRDA:600,45,1,0
BRDA:661,46,0,0
BRDA:661,46,1,0
BRF:95
BRH:6
end_of_record
TN:
SF:src/pages/SoundLibrary.js
FN:4,(anonymous_0)
FN:11,(anonymous_1)
FN:16,(anonymous_2)
FN:33,(anonymous_3)
FN:38,(anonymous_4)
FN:48,(anonymous_5)
FN:53,(anonymous_6)
FN:57,(anonymous_7)
FN:59,(anonymous_8)
FN:66,(anonymous_9)
FN:71,(anonymous_10)
FN:72,(anonymous_11)
FN:77,(anonymous_12)
FN:94,(anonymous_13)
FN:105,(anonymous_14)
FN:109,(anonymous_15)
FN:113,(anonymous_16)
FN:159,(anonymous_17)
FN:172,(anonymous_18)
FN:177,(anonymous_19)
FN:183,(anonymous_20)
FN:191,(anonymous_21)
FN:196,(anonymous_22)
FN:201,(anonymous_23)
FN:220,(anonymous_24)
FN:234,(anonymous_25)
FN:245,(anonymous_26)
FN:267,(anonymous_27)
FNF:28
FNH:3
FNDA:15,(anonymous_0)
FNDA:5,(anonymous_1)
FNDA:0,(anonymous_2)
FNDA:0,(anonymous_3)
FNDA:0,(anonymous_4)
FNDA:10,(anonymous_5)
FNDA:0,(anonymous_6)
FNDA:0,(anonymous_7)
FNDA:0,(anonymous_8)
FNDA:0,(anonymous_9)
FNDA:0,(anonymous_10)
FNDA:0,(anonymous_11)
FNDA:0,(anonymous_12)
FNDA:0,(anonymous_13)
FNDA:0,(anonymous_14)
FNDA:0,(anonymous_15)
FNDA:0,(anonymous_16)
FNDA:0,(anonymous_17)
FNDA:0,(anonymous_18)
FNDA:0,(anonymous_19)
FNDA:0,(anonymous_20)
FNDA:0,(anonymous_21)
FNDA:0,(anonymous_22)
FNDA:0,(anonymous_23)
FNDA:0,(anonymous_24)
FNDA:0,(anonymous_25)
FNDA:0,(anonymous_26)
FNDA:0,(anonymous_27)
DA:4,3
DA:5,15
DA:6,15
DA:7,15
DA:8,15
DA:9,15
DA:11,15
DA:13,5
DA:16,5
DA:17,0
DA:18,0
DA:19,0
DA:20,0
DA:22,0
DA:23,0
DA:26,0
DA:29,5
DA:30,5
DA:33,5
DA:34,5
DA:38,15
DA:39,0
DA:40,0
DA:41,0
DA:42,0
DA:44,0
DA:45,0
DA:48,15
DA:50,10
DA:52,10
DA:53,0
DA:56,10
DA:57,0
DA:58,0
DA:59,0
DA:63,10
DA:66,15
DA:67,0
DA:68,0
DA:71,15
DA:72,0
DA:73,0
DA:74,0
DA:77,0
DA:78,0
DA:81,15
DA:94,0
DA:105,0
DA:110,0
DA:113,0
DA:160,0
DA:172,3
DA:173,0
DA:174,0
DA:177,0
DA:178,0
DA:179,0
DA:180,0
DA:183,0
DA:184,0
DA:185,0
DA:191,0
DA:192,0
DA:193,0
DA:196,0
DA:197,0
DA:198,0
DA:201,0
DA:203,0
DA:204,0
DA:208,0
DA:220,0
DA:235,0
DA:246,0
DA:267,0
LF:75
LH:23
BRDA:13,0,0,5
BRDA:13,0,1,5
BRDA:17,1,0,0
BRDA:17,1,1,0
BRDA:52,2,0,0
BRDA:52,2,1,10
BRDA:56,3,0,0
BRDA:56,3,1,10
BRDA:58,4,0,0
BRDA:58,4,1,0
BRDA:104,5,0,15
BRDA:104,5,1,0
BRDA:112,6,0,0
BRDA:112,6,1,0
BRDA:120,7,0,15
BRDA:120,7,1,15
BRDA:120,7,2,0
BRDA:144,8,0,15
BRDA:144,8,1,0
BRDA:146,9,0,15
BRDA:146,9,1,0
BRDA:178,10,0,0
BRDA:178,10,1,0
BRDA:184,11,0,0
BRDA:184,11,1,0
BRDA:203,12,0,0
BRDA:203,12,1,0
BRDA:232,13,0,0
BRDA:232,13,1,0
BRDA:257,14,0,0
BRDA:257,14,1,0
BRF:31
BRH:9
end_of_record
